<?xml version="1.0" encoding="UTF-8" standalone="yes"?>
<testsuites name="ApiAndSoap" time="7" tests="2" failures="0" errors="0">
    <testsuite name="ApiAndSoap" tests="2" failures="0" errors="0" time="7" timestamp="2019-08-06 09:07:39" hostname="Hamza - DESKTOP-82PEALJ" id="Test Suites/ApiAndSoap">
        <properties>
            <property name="deviceName" value=""/>
            <property name="devicePlatform" value=""/>
            <property name="logFolder" value="C:\\Users\\Hamza\\Katalon Studio\\ApiPartOne\\Reports\\ApiAndSoap\\20190806_090737"/>
            <property name="logFiles" value="C:\\Users\\Hamza\\Katalon Studio\\ApiPartOne\\Reports\\ApiAndSoap\\20190806_090737\\execution0.log"/>
            <property name="attachments" value=""/>
            <property name="hostName" value="Hamza - DESKTOP-82PEALJ"/>
            <property name="hostAddress" value="192.168.1.128"/>
            <property name="os" value="Windows 10 64bit"/>
            <property name="katalonVersion" value="6.2.0.1"/>
        </properties>
        <testcase name="Test Cases/ApiTC" classname="Test Cases/ApiTC" status="PASSED">
            <system-out>2019-08-06 09:07:39 - [TEST_CASE][PASSED] - Test Cases/ApiTC: Test Cases/ApiTC&#xD;
&#xD;
2019-08-06 09:07:39 - [TEST_STEP][PASSED] - responseOne = sendRequest(findTestObject("API_Reset/requestGet")): Send request successfully&#xD;
&#xD;
2019-08-06 09:07:41 - [MESSAGE][INFO] - HAR: C:\Users\Hamza\Katalon Studio\ApiPartOne\Reports\ApiAndSoap\20190806_090737\requests\main\0.har&#xD;
&#xD;
2019-08-06 09:07:41 - [MESSAGE][PASSED] - Send request successfully&#xD;
&#xD;
2019-08-06 09:07:41 - [TEST_STEP][PASSED] - responseTwo = sendRequest(findTestObject("API_Reset/resquestPost")): Send request successfully&#xD;
&#xD;
2019-08-06 09:07:42 - [MESSAGE][INFO] - HAR: C:\Users\Hamza\Katalon Studio\ApiPartOne\Reports\ApiAndSoap\20190806_090737\requests\main\1.har&#xD;
&#xD;
2019-08-06 09:07:42 - [MESSAGE][PASSED] - Send request successfully&#xD;
&#xD;
2019-08-06 09:07:42 - [TEST_STEP][PASSED] - responseThree = sendRequest(findTestObject("API_Reset/patchRequest")): Send request successfully&#xD;
&#xD;
2019-08-06 09:07:42 - [MESSAGE][INFO] - HAR: C:\Users\Hamza\Katalon Studio\ApiPartOne\Reports\ApiAndSoap\20190806_090737\requests\main\2.har&#xD;
&#xD;
2019-08-06 09:07:42 - [MESSAGE][PASSED] - Send request successfully&#xD;
&#xD;
2019-08-06 09:07:42 - [TEST_STEP][PASSED] - responseFour = sendRequest(findTestObject("API_Reset/requestPut")): Send request successfully&#xD;
&#xD;
2019-08-06 09:07:42 - [MESSAGE][INFO] - HAR: C:\Users\Hamza\Katalon Studio\ApiPartOne\Reports\ApiAndSoap\20190806_090737\requests\main\3.har&#xD;
&#xD;
2019-08-06 09:07:42 - [MESSAGE][PASSED] - Send request successfully&#xD;
&#xD;
2019-08-06 09:07:42 - [TEST_STEP][PASSED] - responseFive = sendRequest(findTestObject("API_Reset/deleteRequest")): Send request successfully&#xD;
&#xD;
2019-08-06 09:07:43 - [MESSAGE][INFO] - HAR: C:\Users\Hamza\Katalon Studio\ApiPartOne\Reports\ApiAndSoap\20190806_090737\requests\main\4.har&#xD;
&#xD;
2019-08-06 09:07:43 - [MESSAGE][PASSED] - Send request successfully&#xD;
&#xD;
2019-08-06 09:07:43 - [TEST_STEP][PASSED] - println(verifyElementPropertyValue(responseOne, "data[0].email", "eve.holt@reqres.in")): Verify element property value successfully&#xD;
&#xD;
2019-08-06 09:07:43 - [MESSAGE][PASSED] - Verify element property value successfully&#xD;
&#xD;
2019-08-06 09:07:43 - [TEST_STEP][PASSED] - println(verifyResponseStatusCode(responseTwo, 200)): Verify response status code successfully&#xD;
&#xD;
2019-08-06 09:07:43 - [MESSAGE][PASSED] - Verify response status code successfully&#xD;
&#xD;
2019-08-06 09:07:43 - [TEST_STEP][PASSED] - println(verifyElementsCount(responseOne, "data", 3)): Verify element count successfully&#xD;
&#xD;
2019-08-06 09:07:43 - [MESSAGE][PASSED] - Verify element count successfully&#xD;
&#xD;
2019-08-06 09:07:43 - [TEST_STEP][PASSED] - println(verifyResponseStatusCodeInRange(responseOne, 200, 205)): Verify response status code successfully&#xD;
&#xD;
2019-08-06 09:07:43 - [MESSAGE][PASSED] - Verify response status code successfully</system-out>
            <system-err></system-err>
        </testcase>
        <testcase name="Test Cases/SOAPTC" classname="Test Cases/SOAPTC" status="PASSED">
            <system-out>2019-08-06 09:07:43 - [TEST_CASE][PASSED] - Test Cases/SOAPTC: Test Cases/SOAPTC&#xD;
&#xD;
2019-08-06 09:07:43 - [TEST_STEP][PASSED] - responseOne = sendRequest(findTestObject("Soap/addRequest")): Send request successfully&#xD;
&#xD;
2019-08-06 09:07:44 - [MESSAGE][INFO] - HAR: C:\Users\Hamza\Katalon Studio\ApiPartOne\Reports\ApiAndSoap\20190806_090737\requests\main\5.har&#xD;
&#xD;
2019-08-06 09:07:44 - [MESSAGE][PASSED] - Send request successfully&#xD;
&#xD;
2019-08-06 09:07:44 - [TEST_STEP][PASSED] - responseTwo = sendRequest(findTestObject("Soap/DivideRequest")): Send request successfully&#xD;
&#xD;
2019-08-06 09:07:45 - [MESSAGE][INFO] - HAR: C:\Users\Hamza\Katalon Studio\ApiPartOne\Reports\ApiAndSoap\20190806_090737\requests\main\6.har&#xD;
&#xD;
2019-08-06 09:07:45 - [MESSAGE][PASSED] - Send request successfully&#xD;
&#xD;
2019-08-06 09:07:45 - [TEST_STEP][PASSED] - responseThree = sendRequest(findTestObject("Soap/multiPlyRequest")): Send request successfully&#xD;
&#xD;
2019-08-06 09:07:46 - [MESSAGE][INFO] - HAR: C:\Users\Hamza\Katalon Studio\ApiPartOne\Reports\ApiAndSoap\20190806_090737\requests\main\7.har&#xD;
&#xD;
2019-08-06 09:07:46 - [MESSAGE][PASSED] - Send request successfully&#xD;
&#xD;
2019-08-06 09:07:46 - [TEST_STEP][PASSED] - responseFour = sendRequest(findTestObject("Soap/substractRequest")): Send request successfully&#xD;
&#xD;
2019-08-06 09:07:46 - [MESSAGE][INFO] - HAR: C:\Users\Hamza\Katalon Studio\ApiPartOne\Reports\ApiAndSoap\20190806_090737\requests\main\8.har&#xD;
&#xD;
2019-08-06 09:07:46 - [MESSAGE][PASSED] - Send request successfully&#xD;
&#xD;
2019-08-06 09:07:46 - [TEST_STEP][PASSED] - println(verifyElementText(responseOne, "AddResponse.AddResult", "20")): Verify element text successfully&#xD;
&#xD;
2019-08-06 09:07:46 - [MESSAGE][PASSED] - Verify element text successfully&#xD;
&#xD;
2019-08-06 09:07:46 - [TEST_STEP][PASSED] - println(verifyElementText(responseTwo, "DivideResponse.DivideResult", "2")): Verify element text successfully&#xD;
&#xD;
2019-08-06 09:07:46 - [MESSAGE][PASSED] - Verify element text successfully&#xD;
&#xD;
2019-08-06 09:07:46 - [TEST_STEP][PASSED] - println(verifyElementText(responseThree, "MultiplyResponse.MultiplyResult", "20")): Verify element text successfully&#xD;
&#xD;
2019-08-06 09:07:46 - [MESSAGE][PASSED] - Verify element text successfully&#xD;
&#xD;
2019-08-06 09:07:46 - [TEST_STEP][PASSED] - println(verifyElementText(responseFour, "SubtractResponse.SubtractResult", "2")): Verify element text successfully&#xD;
&#xD;
2019-08-06 09:07:47 - [MESSAGE][PASSED] - Verify element text successfully</system-out>
            <system-err></system-err>
        </testcase>
        <system-out>2019-08-06 09:07:39 - [TEST_SUITE][INCOMPLETE] - ApiAndSoap: null</system-out>
        <system-err>2019-08-06 09:07:39 - [TEST_SUITE][INCOMPLETE] - ApiAndSoap: null</system-err>
    </testsuite>
</testsuites>
